<?xml version="1.0" encoding="UTF-8"?>
<!-- Generated by org.testng.reporters.JUnitReportReporter -->
<testsuite hostname="pranjal" failures="0" tests="1" name="com.xuriti.api_NBFC.TC_02_NBFC_get_all_" time="0.174" errors="0" timestamp="2022-11-10T17:02:38 IST" skipped="0">
  <testcase classname="com.xuriti.api_NBFC.TC_02_NBFC_get_all_" name="nbfc_post" time="0.174"/>
  <system-out/>
</testsuite> <!-- com.xuriti.api_NBFC.TC_02_NBFC_get_all_ -->
