<?xml version="1.0" encoding="UTF-8"?>
<!-- Generated by org.testng.reporters.JUnitReportReporter -->
<testsuite hostname="pranjal" failures="0" tests="1" name="com.xuriti.api_NBFC.TC_05_NBFC_Mapping" time="17.191" errors="0" timestamp="2022-11-10T17:03:25 IST" skipped="0">
  <testcase classname="com.xuriti.api_NBFC.TC_05_NBFC_Mapping" name="nbfc_post" time="17.191"/>
  <system-out/>
</testsuite> <!-- com.xuriti.api_NBFC.TC_05_NBFC_Mapping -->
