<?xml version="1.0" encoding="UTF-8"?>
<!-- Generated by org.testng.reporters.JUnitReportReporter -->
<testsuite hostname="pranjal" failures="0" tests="1" name="com.xuriti.api_NBFC.TC_07_NBFC_get_Mapped" time="0.119" errors="0" timestamp="2022-11-10T17:09:41 IST" skipped="0">
  <testcase classname="com.xuriti.api_NBFC.TC_07_NBFC_get_Mapped" name="nbfc_post" time="0.119"/>
  <system-out/>
</testsuite> <!-- com.xuriti.api_NBFC.TC_07_NBFC_get_Mapped -->
